<?xml version="1.0" encoding="UTF-8"?>
<!-- Generated by org.testng.reporters.JUnitXMLReporter -->
<testsuite hostname="DESKTOP-R2QQRR4" ignored="0" name="Command line test" tests="53" failures="0" timestamp="25 Nov 2019 12:41:30 GMT" time="83.098" errors="0">
  <testcase name="createEmployeeWithAllValidData" time="3.724" classname="emp.test.classes.EmployeeCreateTest"/>
  <testcase name="createEmployeeWithAlphaNumericAge" time="1.426" classname="emp.test.classes.EmployeeCreateTest"/>
  <testcase name="createEmployeeWithAlphaNumericInName" time="1.53" classname="emp.test.classes.EmployeeCreateTest"/>
  <testcase name="createEmployeeWithAlphaNumericSalary" time="1.542" classname="emp.test.classes.EmployeeCreateTest"/>
  <testcase name="createEmployeeWithDecimalAge" time="1.734" classname="emp.test.classes.EmployeeCreateTest"/>
  <testcase name="createEmployeeWithDecimalSalary" time="1.631" classname="emp.test.classes.EmployeeCreateTest"/>
  <testcase name="createEmployeeWithEmptyName" time="0.821" classname="emp.test.classes.EmployeeCreateTest"/>
  <testcase name="createEmployeeWithGIFImageUrl" time="1.628" classname="emp.test.classes.EmployeeCreateTest"/>
  <testcase name="createEmployeeWithInvalidImageUrl" time="1.741" classname="emp.test.classes.EmployeeCreateTest"/>
  <testcase name="createEmployeeWithNullAge" time="0.712" classname="emp.test.classes.EmployeeCreateTest"/>
  <testcase name="createEmployeeWithNullName" time="0.716" classname="emp.test.classes.EmployeeCreateTest"/>
  <testcase name="createEmployeeWithNullProfileImage" time="1.53" classname="emp.test.classes.EmployeeCreateTest"/>
  <testcase name="createEmployeeWithNullSalary" time="0.817" classname="emp.test.classes.EmployeeCreateTest"/>
  <testcase name="createEmployeeWithPNGImageUrl" time="3.885" classname="emp.test.classes.EmployeeCreateTest"/>
  <testcase name="createEmployeeWithSpecialCharsAge" time="1.638" classname="emp.test.classes.EmployeeCreateTest"/>
  <testcase name="createEmployeeWithSpecialCharsInName" time="0.815" classname="emp.test.classes.EmployeeCreateTest"/>
  <testcase name="createEmployeeWithSpecialCharsSalary" time="1.517" classname="emp.test.classes.EmployeeCreateTest"/>
  <testcase name="createEmployeeWithoutAge" time="0.726" classname="emp.test.classes.EmployeeCreateTest"/>
  <testcase name="createEmployeeWithoutName" time="0.717" classname="emp.test.classes.EmployeeCreateTest"/>
  <testcase name="createEmployeeWithoutProfileImage" time="1.432" classname="emp.test.classes.EmployeeCreateTest"/>
  <testcase name="createEmployeeWithoutSalary" time="0.817" classname="emp.test.classes.EmployeeCreateTest"/>
  <testcase name="createGetEmployeeWithValidRequiredData" time="4.704" classname="emp.test.classes.EmployeeCRUDTest"/>
  <testcase name="updateGetEmployeeWithValidRequiredData" time="6.037" classname="emp.test.classes.EmployeeCRUDTest"/>
  <testcase name="deleteEmployeeWithAllValidData" time="2.095" classname="emp.test.classes.EmployeeDeleteTest"/>
  <testcase name="deleteEmployeeWithInvalidId" time="0.759" classname="emp.test.classes.EmployeeDeleteTest"/>
  <testcase name="deleteEmployeeWithNotExistingId" time="0.828" classname="emp.test.classes.EmployeeDeleteTest"/>
  <testcase name="deleteEmployeeWithoutId" time="0.669" classname="emp.test.classes.EmployeeDeleteTest"/>
  <testcase name="getEmployeeWithAllValidData" time="2.275" classname="emp.test.classes.EmployeeGetTest"/>
  <testcase name="getEmployeeWithInvalidId" time="0.71" classname="emp.test.classes.EmployeeGetTest"/>
  <testcase name="getEmployeeWithNotExistingId" time="0.738" classname="emp.test.classes.EmployeeGetTest"/>
  <testcase name="getEmployeeWithoutId" time="0.687" classname="emp.test.classes.EmployeeGetTest"/>
  <testcase name="listEmployeeWithAllValidData" time="2.897" classname="emp.test.classes.EmployeeListTest"/>
  <testcase name="updateEmployeeWithAllValidData" time="1.406" classname="emp.test.classes.EmployeeUpdateTest"/>
  <testcase name="updateEmployeeWithAlphaNumericAge" time="1.394" classname="emp.test.classes.EmployeeUpdateTest"/>
  <testcase name="updateEmployeeWithAlphaNumericInName" time="1.367" classname="emp.test.classes.EmployeeUpdateTest"/>
  <testcase name="updateEmployeeWithAlphaNumericSalary" time="1.433" classname="emp.test.classes.EmployeeUpdateTest"/>
  <testcase name="updateEmployeeWithDecimalAge" time="1.795" classname="emp.test.classes.EmployeeUpdateTest"/>
  <testcase name="updateEmployeeWithDecimalSalary" time="1.457" classname="emp.test.classes.EmployeeUpdateTest"/>
  <testcase name="updateEmployeeWithEmptyName" time="0.699" classname="emp.test.classes.EmployeeUpdateTest"/>
  <testcase name="updateEmployeeWithGIFImageUrl" time="1.391" classname="emp.test.classes.EmployeeUpdateTest"/>
  <testcase name="updateEmployeeWithInvalidImageUrl" time="1.52" classname="emp.test.classes.EmployeeUpdateTest"/>
  <testcase name="updateEmployeeWithNullAge" time="1.513" classname="emp.test.classes.EmployeeUpdateTest"/>
  <testcase name="updateEmployeeWithNullName" time="0.741" classname="emp.test.classes.EmployeeUpdateTest"/>
  <testcase name="updateEmployeeWithNullProfileImage" time="1.411" classname="emp.test.classes.EmployeeUpdateTest"/>
  <testcase name="updateEmployeeWithNullSalary" time="1.544" classname="emp.test.classes.EmployeeUpdateTest"/>
  <testcase name="updateEmployeeWithPNGImageUrl" time="1.445" classname="emp.test.classes.EmployeeUpdateTest"/>
  <testcase name="updateEmployeeWithSpecialCharsAge" time="1.519" classname="emp.test.classes.EmployeeUpdateTest"/>
  <testcase name="updateEmployeeWithSpecialCharsInName" time="0.819" classname="emp.test.classes.EmployeeUpdateTest"/>
  <testcase name="updateEmployeeWithSpecialCharsSalary" time="1.47" classname="emp.test.classes.EmployeeUpdateTest"/>
  <testcase name="updateEmployeeWithoutAge" time="1.381" classname="emp.test.classes.EmployeeUpdateTest"/>
  <testcase name="updateEmployeeWithoutName" time="0.71" classname="emp.test.classes.EmployeeUpdateTest"/>
  <testcase name="updateEmployeeWithoutProfileImage" time="1.546" classname="emp.test.classes.EmployeeUpdateTest"/>
  <testcase name="updateEmployeeWithoutSalary" time="1.399" classname="emp.test.classes.EmployeeUpdateTest"/>
</testsuite> <!-- Command line test -->
