<?xml version="1.0" encoding="UTF-8"?>
<!-- Generated by org.testng.reporters.JUnitXMLReporter -->
<testsuite hostname="DESKTOP-R2QQRR4" ignored="0" name="EMPLOYEE_TEST" tests="53" failures="0" timestamp="25 Nov 2019 12:35:08 GMT" time="85.305" errors="0">
  <testcase name="createEmployeeWithAllValidData" time="3.173" classname="emp.test.classes.EmployeeCreateTest"/>
  <testcase name="createEmployeeWithAlphaNumericAge" time="1.505" classname="emp.test.classes.EmployeeCreateTest"/>
  <testcase name="createEmployeeWithAlphaNumericInName" time="1.956" classname="emp.test.classes.EmployeeCreateTest"/>
  <testcase name="createEmployeeWithAlphaNumericSalary" time="1.52" classname="emp.test.classes.EmployeeCreateTest"/>
  <testcase name="createEmployeeWithDecimalAge" time="1.651" classname="emp.test.classes.EmployeeCreateTest"/>
  <testcase name="createEmployeeWithDecimalSalary" time="1.532" classname="emp.test.classes.EmployeeCreateTest"/>
  <testcase name="createEmployeeWithEmptyName" time="0.729" classname="emp.test.classes.EmployeeCreateTest"/>
  <testcase name="createEmployeeWithGIFImageUrl" time="1.596" classname="emp.test.classes.EmployeeCreateTest"/>
  <testcase name="createEmployeeWithInvalidImageUrl" time="1.529" classname="emp.test.classes.EmployeeCreateTest"/>
  <testcase name="createEmployeeWithNullAge" time="0.812" classname="emp.test.classes.EmployeeCreateTest"/>
  <testcase name="createEmployeeWithNullName" time="0.816" classname="emp.test.classes.EmployeeCreateTest"/>
  <testcase name="createEmployeeWithNullProfileImage" time="1.426" classname="emp.test.classes.EmployeeCreateTest"/>
  <testcase name="createEmployeeWithNullSalary" time="0.726" classname="emp.test.classes.EmployeeCreateTest"/>
  <testcase name="createEmployeeWithPNGImageUrl" time="1.418" classname="emp.test.classes.EmployeeCreateTest"/>
  <testcase name="createEmployeeWithSpecialCharsAge" time="1.633" classname="emp.test.classes.EmployeeCreateTest"/>
  <testcase name="createEmployeeWithSpecialCharsInName" time="0.708" classname="emp.test.classes.EmployeeCreateTest"/>
  <testcase name="createEmployeeWithSpecialCharsSalary" time="1.627" classname="emp.test.classes.EmployeeCreateTest"/>
  <testcase name="createEmployeeWithoutAge" time="1.946" classname="emp.test.classes.EmployeeCreateTest"/>
  <testcase name="createEmployeeWithoutName" time="0.739" classname="emp.test.classes.EmployeeCreateTest"/>
  <testcase name="createEmployeeWithoutProfileImage" time="1.381" classname="emp.test.classes.EmployeeCreateTest"/>
  <testcase name="createEmployeeWithoutSalary" time="0.744" classname="emp.test.classes.EmployeeCreateTest"/>
  <testcase name="updateEmployeeWithAllValidData" time="1.533" classname="emp.test.classes.EmployeeUpdateTest"/>
  <testcase name="updateEmployeeWithAlphaNumericAge" time="1.423" classname="emp.test.classes.EmployeeUpdateTest"/>
  <testcase name="updateEmployeeWithAlphaNumericInName" time="1.506" classname="emp.test.classes.EmployeeUpdateTest"/>
  <testcase name="updateEmployeeWithAlphaNumericSalary" time="1.564" classname="emp.test.classes.EmployeeUpdateTest"/>
  <testcase name="updateEmployeeWithDecimalAge" time="1.431" classname="emp.test.classes.EmployeeUpdateTest"/>
  <testcase name="updateEmployeeWithDecimalSalary" time="1.526" classname="emp.test.classes.EmployeeUpdateTest"/>
  <testcase name="updateEmployeeWithEmptyName" time="0.814" classname="emp.test.classes.EmployeeUpdateTest"/>
  <testcase name="updateEmployeeWithGIFImageUrl" time="1.833" classname="emp.test.classes.EmployeeUpdateTest"/>
  <testcase name="updateEmployeeWithInvalidImageUrl" time="2.039" classname="emp.test.classes.EmployeeUpdateTest"/>
  <testcase name="updateEmployeeWithNullAge" time="1.631" classname="emp.test.classes.EmployeeUpdateTest"/>
  <testcase name="updateEmployeeWithNullName" time="0.815" classname="emp.test.classes.EmployeeUpdateTest"/>
  <testcase name="updateEmployeeWithNullProfileImage" time="1.429" classname="emp.test.classes.EmployeeUpdateTest"/>
  <testcase name="updateEmployeeWithNullSalary" time="1.529" classname="emp.test.classes.EmployeeUpdateTest"/>
  <testcase name="updateEmployeeWithPNGImageUrl" time="1.634" classname="emp.test.classes.EmployeeUpdateTest"/>
  <testcase name="updateEmployeeWithSpecialCharsAge" time="1.525" classname="emp.test.classes.EmployeeUpdateTest"/>
  <testcase name="updateEmployeeWithSpecialCharsInName" time="0.725" classname="emp.test.classes.EmployeeUpdateTest"/>
  <testcase name="updateEmployeeWithSpecialCharsSalary" time="1.528" classname="emp.test.classes.EmployeeUpdateTest"/>
  <testcase name="updateEmployeeWithoutAge" time="1.431" classname="emp.test.classes.EmployeeUpdateTest"/>
  <testcase name="updateEmployeeWithoutName" time="0.816" classname="emp.test.classes.EmployeeUpdateTest"/>
  <testcase name="updateEmployeeWithoutProfileImage" time="1.387" classname="emp.test.classes.EmployeeUpdateTest"/>
  <testcase name="updateEmployeeWithoutSalary" time="1.469" classname="emp.test.classes.EmployeeUpdateTest"/>
  <testcase name="createGetEmployeeWithValidRequiredData" time="4.824" classname="emp.test.classes.EmployeeCRUDTest"/>
  <testcase name="updateGetEmployeeWithValidRequiredData" time="7.465" classname="emp.test.classes.EmployeeCRUDTest"/>
  <testcase name="deleteEmployeeWithAllValidData" time="2.854" classname="emp.test.classes.EmployeeDeleteTest"/>
  <testcase name="deleteEmployeeWithInvalidId" time="0.712" classname="emp.test.classes.EmployeeDeleteTest"/>
  <testcase name="deleteEmployeeWithNotExistingId" time="0.716" classname="emp.test.classes.EmployeeDeleteTest"/>
  <testcase name="deleteEmployeeWithoutId" time="0.69" classname="emp.test.classes.EmployeeDeleteTest"/>
  <testcase name="getEmployeeWithAllValidData" time="2.079" classname="emp.test.classes.EmployeeGetTest"/>
  <testcase name="getEmployeeWithInvalidId" time="0.706" classname="emp.test.classes.EmployeeGetTest"/>
  <testcase name="getEmployeeWithNotExistingId" time="0.704" classname="emp.test.classes.EmployeeGetTest"/>
  <testcase name="getEmployeeWithoutId" time="0.715" classname="emp.test.classes.EmployeeGetTest"/>
  <testcase name="listEmployeeWithAllValidData" time="3.365" classname="emp.test.classes.EmployeeListTest"/>
</testsuite> <!-- EMPLOYEE_TEST -->
