<?xml version="1.0" encoding="UTF-8" ?>
<testsuite tests="53" failures="0" name="TestSuite" time="81.452" errors="0" skipped="0">
  <properties>
[...]
</properties>
  <testcase classname="emp.test.classes.EmployeeCreateTest" name="createEmployeeWithAllValidData" time="3.731"/>
  <testcase classname="emp.test.classes.EmployeeCreateTest" name="createEmployeeWithAlphaNumericAge" time="1.42"/>
  <testcase classname="emp.test.classes.EmployeeCreateTest" name="createEmployeeWithAlphaNumericInName" time="1.53"/>
  <testcase classname="emp.test.classes.EmployeeCreateTest" name="createEmployeeWithAlphaNumericSalary" time="1.542"/>
  <testcase classname="emp.test.classes.EmployeeCreateTest" name="createEmployeeWithDecimalAge" time="1.749"/>
  <testcase classname="emp.test.classes.EmployeeCreateTest" name="createEmployeeWithDecimalSalary" time="1.621"/>
  <testcase classname="emp.test.classes.EmployeeCreateTest" name="createEmployeeWithEmptyName" time="0.824"/>
  <testcase classname="emp.test.classes.EmployeeCreateTest" name="createEmployeeWithGIFImageUrl" time="1.618"/>
  <testcase classname="emp.test.classes.EmployeeCreateTest" name="createEmployeeWithInvalidImageUrl" time="1.741"/>
  <testcase classname="emp.test.classes.EmployeeCreateTest" name="createEmployeeWithNullAge" time="0.716"/>
  <testcase classname="emp.test.classes.EmployeeCreateTest" name="createEmployeeWithNullName" time="0.731"/>
  <testcase classname="emp.test.classes.EmployeeCreateTest" name="createEmployeeWithNullProfileImage" time="1.513"/>
  <testcase classname="emp.test.classes.EmployeeCreateTest" name="createEmployeeWithNullSalary" time="0.817"/>
  <testcase classname="emp.test.classes.EmployeeCreateTest" name="createEmployeeWithPNGImageUrl" time="3.884"/>
  <testcase classname="emp.test.classes.EmployeeCreateTest" name="createEmployeeWithSpecialCharsAge" time="1.641"/>
  <testcase classname="emp.test.classes.EmployeeCreateTest" name="createEmployeeWithSpecialCharsInName" time="0.815"/>
  <testcase classname="emp.test.classes.EmployeeCreateTest" name="createEmployeeWithSpecialCharsSalary" time="1.514"/>
  <testcase classname="emp.test.classes.EmployeeCreateTest" name="createEmployeeWithoutAge" time="0.726"/>
  <testcase classname="emp.test.classes.EmployeeCreateTest" name="createEmployeeWithoutName" time="0.719"/>
  <testcase classname="emp.test.classes.EmployeeCreateTest" name="createEmployeeWithoutProfileImage" time="1.43"/>
  <testcase classname="emp.test.classes.EmployeeCreateTest" name="createEmployeeWithoutSalary" time="0.819"/>
  <testcase classname="emp.test.classes.EmployeeCRUDTest" name="createGetEmployeeWithValidRequiredData" time="4.739"/>
  <testcase classname="emp.test.classes.EmployeeCRUDTest" name="updateGetEmployeeWithValidRequiredData" time="6.009"/>
  <testcase classname="emp.test.classes.EmployeeDeleteTest" name="deleteEmployeeWithAllValidData" time="2.083"/>
  <testcase classname="emp.test.classes.EmployeeDeleteTest" name="deleteEmployeeWithInvalidId" time="0.739"/>
  <testcase classname="emp.test.classes.EmployeeDeleteTest" name="deleteEmployeeWithNotExistingId" time="0.861"/>
  <testcase classname="emp.test.classes.EmployeeDeleteTest" name="deleteEmployeeWithoutId" time="0.701"/>
  <testcase classname="emp.test.classes.EmployeeGetTest" name="getEmployeeWithAllValidData" time="2.209"/>
  <testcase classname="emp.test.classes.EmployeeGetTest" name="getEmployeeWithInvalidId" time="0.725"/>
  <testcase classname="emp.test.classes.EmployeeGetTest" name="getEmployeeWithNotExistingId" time="0.764"/>
  <testcase classname="emp.test.classes.EmployeeGetTest" name="getEmployeeWithoutId" time="0.676"/>
  <testcase classname="emp.test.classes.EmployeeListTest" name="listEmployeeWithAllValidData" time="2.897"/>
  <testcase classname="emp.test.classes.EmployeeUpdateTest" name="updateEmployeeWithAllValidData" time="1.4"/>
  <testcase classname="emp.test.classes.EmployeeUpdateTest" name="updateEmployeeWithAlphaNumericAge" time="1.394"/>
  <testcase classname="emp.test.classes.EmployeeUpdateTest" name="updateEmployeeWithAlphaNumericInName" time="1.366"/>
  <testcase classname="emp.test.classes.EmployeeUpdateTest" name="updateEmployeeWithAlphaNumericSalary" time="1.429"/>
  <testcase classname="emp.test.classes.EmployeeUpdateTest" name="updateEmployeeWithDecimalAge" time="1.796"/>
  <testcase classname="emp.test.classes.EmployeeUpdateTest" name="updateEmployeeWithDecimalSalary" time="1.46"/>
  <testcase classname="emp.test.classes.EmployeeUpdateTest" name="updateEmployeeWithEmptyName" time="0.721"/>
  <testcase classname="emp.test.classes.EmployeeUpdateTest" name="updateEmployeeWithGIFImageUrl" time="1.377"/>
  <testcase classname="emp.test.classes.EmployeeUpdateTest" name="updateEmployeeWithInvalidImageUrl" time="1.51"/>
  <testcase classname="emp.test.classes.EmployeeUpdateTest" name="updateEmployeeWithNullAge" time="1.509"/>
  <testcase classname="emp.test.classes.EmployeeUpdateTest" name="updateEmployeeWithNullName" time="0.763"/>
  <testcase classname="emp.test.classes.EmployeeUpdateTest" name="updateEmployeeWithNullProfileImage" time="1.389"/>
  <testcase classname="emp.test.classes.EmployeeUpdateTest" name="updateEmployeeWithNullSalary" time="1.55"/>
  <testcase classname="emp.test.classes.EmployeeUpdateTest" name="updateEmployeeWithPNGImageUrl" time="1.465"/>
  <testcase classname="emp.test.classes.EmployeeUpdateTest" name="updateEmployeeWithSpecialCharsAge" time="1.494"/>
  <testcase classname="emp.test.classes.EmployeeUpdateTest" name="updateEmployeeWithSpecialCharsInName" time="0.837"/>
  <testcase classname="emp.test.classes.EmployeeUpdateTest" name="updateEmployeeWithSpecialCharsSalary" time="1.48"/>
  <testcase classname="emp.test.classes.EmployeeUpdateTest" name="updateEmployeeWithoutAge" time="1.354"/>
  <testcase classname="emp.test.classes.EmployeeUpdateTest" name="updateEmployeeWithoutName" time="0.716"/>
  <testcase classname="emp.test.classes.EmployeeUpdateTest" name="updateEmployeeWithoutProfileImage" time="1.54"/>
  <testcase classname="emp.test.classes.EmployeeUpdateTest" name="updateEmployeeWithoutSalary" time="1.398"/>
</testsuite>